/videos/d5d7db13-d255-73a2-040f-616844ce2f91/hls1/main/0.ts

{"Protocol":0,"Id":"d5d7db13d25573a2040f616844ce2f91","Path":"/data/shuss/randos/Sissy Femboy Fucked by Beautiful Trans Girl - Pornhub.com.ts","EncoderPath":null,"EncoderProtocol":null,"Type":0,"Container":"mpegts","Size":42181936,"Name":"Sissy Femboy Fucked by Beautiful Trans Girl - Pornhub.com","IsRemote":false,"ETag":"91e79a2b3bda7a949dd787f3569fd398","RunTimeTicks":1035704000,"ReadAtNativeFramerate":false,"IgnoreDts":false,"IgnoreIndex":false,"GenPtsInput":false,"SupportsTranscoding":true,"SupportsDirectStream":true,"SupportsDirectPlay":true,"IsInfiniteStream":false,"RequiresOpening":false,"OpenToken":null,"RequiresClosing":false,"LiveStreamId":null,"BufferMs":null,"RequiresLooping":false,"SupportsProbing":true,"VideoType":0,"IsoType":null,"Video3DFormat":null,"MediaStreams":[{"Codec":"h264","CodecTag":null,"Language":null,"ColorRange":null,"ColorSpace":null,"ColorTransfer":null,"ColorPrimaries":null,"DvVersionMajor":null,"DvVersionMinor":null,"DvProfile":null,"DvLevel":null,"RpuPresentFlag":null,"ElPresentFlag":null,"BlPresentFlag":null,"DvBlSignalCompatibilityId":null,"Comment":null,"TimeBase":"1/90000","CodecTimeBase":null,"Title":null,"VideoRange":"SDR","VideoRangeType":"SDR","VideoDoViTitle":null,"LocalizedUndefined":null,"LocalizedDefault":null,"LocalizedForced":null,"LocalizedExternal":null,"DisplayTitle":"1080p H264 SDR","NalLengthSize":"0","IsInterlaced":false,"IsAVC":false,"ChannelLayout":null,"BitRate":3258223,"BitDepth":8,"RefFrames":1,"PacketLength":null,"Channels":null,"SampleRate":null,"IsDefault":false,"IsForced":false,"Height":1080,"Width":2400,"AverageFrameRate":29.97003,"RealFrameRate":29.97003,"Profile":"High","Type":1,"AspectRatio":"20:9","Index":0,"Score":null,"IsExternal":false,"DeliveryMethod":null,"DeliveryUrl":null,"IsExternalUrl":null,"IsTextSubtitleStream":false,"SupportsExternalStream":false,"Path":null,"PixelFormat":"yuv420p","Level":50,"IsAnamorphic":null},{"Codec":"aac","CodecTag":null,"Language":null,"ColorRange":null,"ColorSpace":null,"ColorTransfer":null,"ColorPrimaries":null,"DvVersionMajor":null,"DvVersionMinor":null,"DvProfile":null,"DvLevel":null,"RpuPresentFlag":null,"ElPresentFlag":null,"BlPresentFlag":null,"DvBlSignalCompatibilityId":null,"Comment":null,"TimeBase":"1/90000","CodecTimeBase":null,"Title":null,"VideoRange":null,"VideoRangeType":null,"VideoDoViTitle":null,"LocalizedUndefined":null,"LocalizedDefault":null,"LocalizedForced":null,"LocalizedExternal":null,"DisplayTitle":"AAC - Stereo","NalLengthSize":null,"IsInterlaced":false,"IsAVC":null,"ChannelLayout":"stereo","BitRate":230726,"BitDepth":null,"RefFrames":null,"PacketLength":null,"Channels":2,"SampleRate":44100,"IsDefault":false,"IsForced":false,"Height":null,"Width":null,"AverageFrameRate":null,"RealFrameRate":null,"Profile":"LC","Type":0,"AspectRatio":null,"Index":1,"Score":null,"IsExternal":false,"DeliveryMethod":null,"DeliveryUrl":null,"IsExternalUrl":null,"IsTextSubtitleStream":false,"SupportsExternalStream":false,"Path":null,"PixelFormat":null,"Level":0,"IsAnamorphic":null},{"Codec":"timed_id3","CodecTag":"ID3 ","Language":null,"ColorRange":null,"ColorSpace":null,"ColorTransfer":null,"ColorPrimaries":null,"DvVersionMajor":null,"DvVersionMinor":null,"DvProfile":null,"DvLevel":null,"RpuPresentFlag":null,"ElPresentFlag":null,"BlPresentFlag":null,"DvBlSignalCompatibilityId":null,"Comment":null,"TimeBase":"1/90000","CodecTimeBase":null,"Title":null,"VideoRange":null,"VideoRangeType":null,"VideoDoViTitle":null,"LocalizedUndefined":null,"LocalizedDefault":null,"LocalizedForced":null,"LocalizedExternal":null,"DisplayTitle":null,"NalLengthSize":null,"IsInterlaced":false,"IsAVC":null,"ChannelLayout":null,"BitRate":null,"BitDepth":null,"RefFrames":null,"PacketLength":null,"Channels":null,"SampleRate":null,"IsDefault":false,"IsForced":false,"Height":null,"Width":null,"AverageFrameRate":null,"RealFrameRate":null,"Profile":null,"Type":4,"AspectRatio":null,"Index":2,"Score":null,"IsExternal":false,"DeliveryMethod":null,"DeliveryUrl":null,"IsExternalUrl":null,"IsTextSubtitleStream":false,"SupportsExternalStream":false,"Path":null,"PixelFormat":null,"Level":0,"IsAnamorphic":null}],"MediaAttachments":[],"Formats":[],"Bitrate":3488949,"Timestamp":null,"RequiredHttpHeaders":{},"TranscodingUrl":null,"TranscodingSubProtocol":null,"TranscodingContainer":null,"AnalyzeDurationMs":null,"DefaultAudioStreamIndex":null,"DefaultSubtitleStreamIndex":null}

/usr/lib/jellyfin-ffmpeg/ffmpeg -analyzeduration 200M -fflags +genpts -f mpegts  -i file:"/data/shuss/randos/Sissy Femboy Fucked by Beautiful Trans Girl - Pornhub.com.ts" -map_metadata -1 -map_chapters -1 -threads 0 -map 0:0 -map 0:1 -map -0:s -codec:v:0 copy -start_at_zero -codec:a:0 copy -copyts -avoid_negative_ts disabled -max_muxing_queue_size 2048 -f hls -max_delay 5000000 -hls_time 6 -hls_segment_type mpegts -start_number 0 -hls_segment_filename "/config/data/transcodes/3c02e3e1cab4d588fb702cc60755a27a%d.ts" -hls_playlist_type vod -hls_list_size 0 -y "/config/data/transcodes/3c02e3e1cab4d588fb702cc60755a27a.m3u8"


ffmpeg version 5.1.3-Jellyfin Copyright (c) 2000-2022 the FFmpeg developers
  built with gcc 11 (Ubuntu 11.4.0-1ubuntu1~22.04)
  configuration: --prefix=/usr/lib/jellyfin-ffmpeg --target-os=linux --extra-libs=-lfftw3f --extra-version=Jellyfin --disable-doc --disable-ffplay --disable-ptx-compression --disable-static --disable-libxcb --disable-sdl2 --disable-xlib --enable-lto --enable-gpl --enable-version3 --enable-shared --enable-gmp --enable-gnutls --enable-chromaprint --enable-libdrm --enable-libass --enable-libfreetype --enable-libfribidi --enable-libfontconfig --enable-libbluray --enable-libmp3lame --enable-libopus --enable-libtheora --enable-libvorbis --enable-libopenmpt --enable-libdav1d --enable-libwebp --enable-libvpx --enable-libx264 --enable-libx265 --enable-libzvbi --enable-libzimg --enable-libfdk-aac --arch=amd64 --enable-libsvtav1 --enable-libshaderc --enable-libplacebo --enable-vulkan --enable-opencl --enable-vaapi --enable-amf --enable-libmfx --enable-ffnvcodec --enable-cuda --enable-cuda-llvm --enable-cuvid --enable-nvdec --enable-nvenc
  libavutil      57. 28.100 / 57. 28.100
  libavcodec     59. 37.100 / 59. 37.100
  libavformat    59. 27.100 / 59. 27.100
  libavdevice    59.  7.100 / 59.  7.100
  libavfilter     8. 44.100 /  8. 44.100
  libswscale      6.  7.100 /  6.  7.100
  libswresample   4.  7.100 /  4.  7.100
  libpostproc    56.  6.100 / 56.  6.100
[mpegts @ 0x55ce39432580] start time for stream 2 is not set in estimate_timings_from_pts
Input #0, mpegts, from 'file:/data/shuss/randos/Sissy Femboy Fucked by Beautiful Trans Girl - Pornhub.com.ts':
  Duration: 00:01:43.57, start: 0.101000, bitrate: 3258 kb/s
  Program 1 
  Stream #0:0[0x100]: Video: h264 (High) ([27][0][0][0] / 0x001B), yuv420p(progressive), 2400x1080 [SAR 1:1 DAR 20:9], 29.97 fps, 29.97 tbr, 90k tbn
  Stream #0:1[0x101]: Audio: aac (LC) ([15][0][0][0] / 0x000F), 44100 Hz, stereo, fltp, 230 kb/s
  Stream #0:2[0x102]: Data: timed_id3 (ID3  / 0x20334449)
Output #0, hls, to '/config/data/transcodes/3c02e3e1cab4d588fb702cc60755a27a.m3u8':
  Metadata:
    encoder         : Lavf59.27.100
  Stream #0:0: Video: h264 (High) ([27][0][0][0] / 0x001B), yuv420p(progressive), 2400x1080 [SAR 1:1 DAR 20:9], q=2-31, 29.97 fps, 29.97 tbr, 90k tbn
  Stream #0:1: Audio: aac (LC) ([15][0][0][0] / 0x000F), 44100 Hz, stereo, fltp, 230 kb/s
Stream mapping:
  Stream #0:0 -> #0:0 (copy)
  Stream #0:1 -> #0:1 (copy)
Press [q] to stop, [?] for help
frame=    1 fps=0.0 q=-1.0 size=N/A time=00:00:00.00 bitrate=N/A speed=N/A    
[hls @ 0x55ce39b8fe00] Opening '/config/data/transcodes/3c02e3e1cab4d588fb702cc60755a27a0.ts' for writing
[hls @ 0x55ce39b8fe00] Opening '/config/data/transcodes/3c02e3e1cab4d588fb702cc60755a27a1.ts' for writing
frame=  427 fps=145 q=-1.0 size=N/A time=-00:00:00.02 bitrate=N/A speed=N/A    
[hls @ 0x55ce39b8fe00] Opening '/config/data/transcodes/3c02e3e1cab4d588fb702cc60755a27a2.ts' for writing
[hls @ 0x55ce39b8fe00] Opening '/config/data/transcodes/3c02e3e1cab4d588fb702cc60755a27a3.ts' for writing
[hls @ 0x55ce39b8fe00] Opening '/config/data/transcodes/3c02e3e1cab4d588fb702cc60755a27a4.ts' for writing
[hls @ 0x55ce39b8fe00] Opening '/config/data/transcodes/3c02e3e1cab4d588fb702cc60755a27a5.ts' for writing
[hls @ 0x55ce39b8fe00] Opening '/config/data/transcodes/3c02e3e1cab4d588fb702cc60755a27a6.ts' for writing
[hls @ 0x55ce39b8fe00] Opening '/config/data/transcodes/3c02e3e1cab4d588fb702cc60755a27a7.ts' for writing
[hls @ 0x55ce39b8fe00] Opening '/config/data/transcodes/3c02e3e1cab4d588fb702cc60755a27a8.ts' for writing
[hls @ 0x55ce39b8fe00] Opening '/config/data/transcodes/3c02e3e1cab4d588fb702cc60755a27a9.ts' for writing
[hls @ 0x55ce39b8fe00] Opening '/config/data/transcodes/3c02e3e1cab4d588fb702cc60755a27a10.ts' for writing
[hls @ 0x55ce39b8fe00] Opening '/config/data/transcodes/3c02e3e1cab4d588fb702cc60755a27a11.ts' for writing
[hls @ 0x55ce39b8fe00] Opening '/config/data/transcodes/3c02e3e1cab4d588fb702cc60755a27a12.ts' for writing
[hls @ 0x55ce39b8fe00] Opening '/config/data/transcodes/3c02e3e1cab4d588fb702cc60755a27a13.ts' for writing
[hls @ 0x55ce39b8fe00] Opening '/config/data/transcodes/3c02e3e1cab4d588fb702cc60755a27a14.ts' for writing
frame= 2759 fps=803 q=-1.0 size=N/A time=00:01:17.78 bitrate=N/A speed=22.6x    
[hls @ 0x55ce39b8fe00] Opening '/config/data/transcodes/3c02e3e1cab4d588fb702cc60755a27a15.ts' for writing
[hls @ 0x55ce39b8fe00] Opening '/config/data/transcodes/3c02e3e1cab4d588fb702cc60755a27a16.ts' for writing
[hls @ 0x55ce39b8fe00] Opening '/config/data/transcodes/3c02e3e1cab4d588fb702cc60755a27a17.ts' for writing
frame= 3102 fps=890 q=-1.0 Lsize=N/A time=00:01:29.34 bitrate=N/A speed=25.6x    
video:36736kB audio:3039kB subtitle:0kB other streams:0kB global headers:0kB muxing overhead: unknown