/videos/d9f51241-7a19-5180-8fe3-f60e5cf7ce13/hls1/main/0.ts

{"Protocol":0,"Id":"d9f512417a1951808fe3f60e5cf7ce13","Path":"/data/shuss/randos/I took his Trans Virginity, it was his first Time Fucking a Trans Girl and he Filled my Ass with Cum - Pornhub.com.ts","EncoderPath":null,"EncoderProtocol":null,"Type":0,"Container":"mpegts","Size":210281384,"Name":"I took his Trans Virginity, it was his first Time Fucking a Trans Girl and he Filled my Ass with Cum - Pornhub.com","IsRemote":false,"ETag":"9742de15599dcb7fad439b529b0e0028","RunTimeTicks":4933833330,"ReadAtNativeFramerate":false,"IgnoreDts":false,"IgnoreIndex":false,"GenPtsInput":false,"SupportsTranscoding":true,"SupportsDirectStream":true,"SupportsDirectPlay":true,"IsInfiniteStream":false,"RequiresOpening":false,"OpenToken":null,"RequiresClosing":false,"LiveStreamId":null,"BufferMs":null,"RequiresLooping":false,"SupportsProbing":true,"VideoType":0,"IsoType":null,"Video3DFormat":null,"MediaStreams":[{"Codec":"h264","CodecTag":null,"Language":null,"ColorRange":null,"ColorSpace":null,"ColorTransfer":null,"ColorPrimaries":null,"DvVersionMajor":null,"DvVersionMinor":null,"DvProfile":null,"DvLevel":null,"RpuPresentFlag":null,"ElPresentFlag":null,"BlPresentFlag":null,"DvBlSignalCompatibilityId":null,"Comment":null,"TimeBase":"1/90000","CodecTimeBase":null,"Title":null,"VideoRange":"SDR","VideoRangeType":"SDR","VideoDoViTitle":null,"LocalizedUndefined":null,"LocalizedDefault":null,"LocalizedForced":null,"LocalizedExternal":null,"DisplayTitle":"1080p H264 SDR","NalLengthSize":"0","IsInterlaced":false,"IsAVC":false,"ChannelLayout":null,"BitRate":3409622,"BitDepth":8,"RefFrames":1,"PacketLength":null,"Channels":null,"SampleRate":null,"IsDefault":false,"IsForced":false,"Height":1080,"Width":1920,"AverageFrameRate":60,"RealFrameRate":60,"Profile":"High","Type":1,"AspectRatio":"16:9","Index":0,"Score":null,"IsExternal":false,"DeliveryMethod":null,"DeliveryUrl":null,"IsExternalUrl":null,"IsTextSubtitleStream":false,"SupportsExternalStream":false,"Path":null,"PixelFormat":"yuv420p","Level":50,"IsAnamorphic":null},{"Codec":"aac","CodecTag":null,"Language":null,"ColorRange":null,"ColorSpace":null,"ColorTransfer":null,"ColorPrimaries":null,"DvVersionMajor":null,"DvVersionMinor":null,"DvProfile":null,"DvLevel":null,"RpuPresentFlag":null,"ElPresentFlag":null,"BlPresentFlag":null,"DvBlSignalCompatibilityId":null,"Comment":null,"TimeBase":"1/90000","CodecTimeBase":null,"Title":null,"VideoRange":null,"VideoRangeType":null,"VideoDoViTitle":null,"LocalizedUndefined":null,"LocalizedDefault":null,"LocalizedForced":null,"LocalizedExternal":null,"DisplayTitle":"AAC - Stereo","NalLengthSize":null,"IsInterlaced":false,"IsAVC":null,"ChannelLayout":"stereo","BitRate":185309,"BitDepth":null,"RefFrames":null,"PacketLength":null,"Channels":2,"SampleRate":44100,"IsDefault":false,"IsForced":false,"Height":null,"Width":null,"AverageFrameRate":null,"RealFrameRate":null,"Profile":"LC","Type":0,"AspectRatio":null,"Index":1,"Score":null,"IsExternal":false,"DeliveryMethod":null,"DeliveryUrl":null,"IsExternalUrl":null,"IsTextSubtitleStream":false,"SupportsExternalStream":false,"Path":null,"PixelFormat":null,"Level":0,"IsAnamorphic":null},{"Codec":"timed_id3","CodecTag":"ID3 ","Language":null,"ColorRange":null,"ColorSpace":null,"ColorTransfer":null,"ColorPrimaries":null,"DvVersionMajor":null,"DvVersionMinor":null,"DvProfile":null,"DvLevel":null,"RpuPresentFlag":null,"ElPresentFlag":null,"BlPresentFlag":null,"DvBlSignalCompatibilityId":null,"Comment":null,"TimeBase":"1/90000","CodecTimeBase":null,"Title":null,"VideoRange":null,"VideoRangeType":null,"VideoDoViTitle":null,"LocalizedUndefined":null,"LocalizedDefault":null,"LocalizedForced":null,"LocalizedExternal":null,"DisplayTitle":null,"NalLengthSize":null,"IsInterlaced":false,"IsAVC":null,"ChannelLayout":null,"BitRate":null,"BitDepth":null,"RefFrames":null,"PacketLength":null,"Channels":null,"SampleRate":null,"IsDefault":false,"IsForced":false,"Height":null,"Width":null,"AverageFrameRate":null,"RealFrameRate":null,"Profile":null,"Type":4,"AspectRatio":null,"Index":2,"Score":null,"IsExternal":false,"DeliveryMethod":null,"DeliveryUrl":null,"IsExternalUrl":null,"IsTextSubtitleStream":false,"SupportsExternalStream":false,"Path":null,"PixelFormat":null,"Level":0,"IsAnamorphic":null}],"MediaAttachments":[],"Formats":[],"Bitrate":3594931,"Timestamp":null,"RequiredHttpHeaders":{},"TranscodingUrl":null,"TranscodingSubProtocol":null,"TranscodingContainer":null,"AnalyzeDurationMs":null,"DefaultAudioStreamIndex":null,"DefaultSubtitleStreamIndex":null}

/usr/lib/jellyfin-ffmpeg/ffmpeg -analyzeduration 200M -fflags +genpts -f mpegts  -i file:"/data/shuss/randos/I took his Trans Virginity, it was his first Time Fucking a Trans Girl and he Filled my Ass with Cum - Pornhub.com.ts" -map_metadata -1 -map_chapters -1 -threads 0 -map 0:0 -map 0:1 -map -0:s -codec:v:0 copy -start_at_zero -codec:a:0 copy -copyts -avoid_negative_ts disabled -max_muxing_queue_size 2048 -f hls -max_delay 5000000 -hls_time 6 -hls_segment_type mpegts -start_number 0 -hls_segment_filename "/config/data/transcodes/de486697d51368d8380c46a735a31923%d.ts" -hls_playlist_type vod -hls_list_size 0 -y "/config/data/transcodes/de486697d51368d8380c46a735a31923.m3u8"


ffmpeg version 5.1.3-Jellyfin Copyright (c) 2000-2022 the FFmpeg developers
  built with gcc 11 (Ubuntu 11.4.0-1ubuntu1~22.04)
  configuration: --prefix=/usr/lib/jellyfin-ffmpeg --target-os=linux --extra-libs=-lfftw3f --extra-version=Jellyfin --disable-doc --disable-ffplay --disable-ptx-compression --disable-static --disable-libxcb --disable-sdl2 --disable-xlib --enable-lto --enable-gpl --enable-version3 --enable-shared --enable-gmp --enable-gnutls --enable-chromaprint --enable-libdrm --enable-libass --enable-libfreetype --enable-libfribidi --enable-libfontconfig --enable-libbluray --enable-libmp3lame --enable-libopus --enable-libtheora --enable-libvorbis --enable-libopenmpt --enable-libdav1d --enable-libwebp --enable-libvpx --enable-libx264 --enable-libx265 --enable-libzvbi --enable-libzimg --enable-libfdk-aac --arch=amd64 --enable-libsvtav1 --enable-libshaderc --enable-libplacebo --enable-vulkan --enable-opencl --enable-vaapi --enable-amf --enable-libmfx --enable-ffnvcodec --enable-cuda --enable-cuda-llvm --enable-cuvid --enable-nvdec --enable-nvenc
  libavutil      57. 28.100 / 57. 28.100
  libavcodec     59. 37.100 / 59. 37.100
  libavformat    59. 27.100 / 59. 27.100
  libavdevice    59.  7.100 / 59.  7.100
  libavfilter     8. 44.100 /  8. 44.100
  libswscale      6.  7.100 /  6.  7.100
  libswresample   4.  7.100 /  4.  7.100
  libpostproc    56.  6.100 / 56.  6.100
[mpegts @ 0x5631951c2580] start time for stream 2 is not set in estimate_timings_from_pts
Input #0, mpegts, from 'file:/data/shuss/randos/I took his Trans Virginity, it was his first Time Fucking a Trans Girl and he Filled my Ass with Cum - Pornhub.com.ts':
  Duration: 00:08:13.38, start: 0.101000, bitrate: 3409 kb/s
  Program 1 
  Stream #0:0[0x100]: Video: h264 (High) ([27][0][0][0] / 0x001B), yuv420p(progressive), 1920x1080 [SAR 1:1 DAR 16:9], 60 fps, 60 tbr, 90k tbn
  Stream #0:1[0x101]: Audio: aac (LC) ([15][0][0][0] / 0x000F), 44100 Hz, stereo, fltp, 185 kb/s
  Stream #0:2[0x102]: Data: timed_id3 (ID3  / 0x20334449)
Output #0, hls, to '/config/data/transcodes/de486697d51368d8380c46a735a31923.m3u8':
  Metadata:
    encoder         : Lavf59.27.100
  Stream #0:0: Video: h264 (High) ([27][0][0][0] / 0x001B), yuv420p(progressive), 1920x1080 [SAR 1:1 DAR 16:9], q=2-31, 60 fps, 60 tbr, 90k tbn
  Stream #0:1: Audio: aac (LC) ([15][0][0][0] / 0x000F), 44100 Hz, stereo, fltp, 185 kb/s
Stream mapping:
  Stream #0:0 -> #0:0 (copy)
  Stream #0:1 -> #0:1 (copy)
Press [q] to stop, [?] for help
frame=    1 fps=0.0 q=-1.0 size=N/A time=-00:00:00.01 bitrate=N/A speed=N/A    
[hls @ 0x56319530aec0] Opening '/config/data/transcodes/de486697d51368d8380c46a735a319230.ts' for writing
[hls @ 0x56319530aec0] Opening '/config/data/transcodes/de486697d51368d8380c46a735a319231.ts' for writing
frame=  985 fps=317 q=-1.0 size=N/A time=00:00:16.38 bitrate=N/A speed=5.28x    
[hls @ 0x56319530aec0] Opening '/config/data/transcodes/de486697d51368d8380c46a735a319232.ts' for writing
[hls @ 0x56319530aec0] Opening '/config/data/transcodes/de486697d51368d8380c46a735a319233.ts' for writing
[hls @ 0x56319530aec0] Opening '/config/data/transcodes/de486697d51368d8380c46a735a319234.ts' for writing
[hls @ 0x56319530aec0] Opening '/config/data/transcodes/de486697d51368d8380c46a735a319235.ts' for writing
[hls @ 0x56319530aec0] Opening '/config/data/transcodes/de486697d51368d8380c46a735a319236.ts' for writing
[hls @ 0x56319530aec0] Opening '/config/data/transcodes/de486697d51368d8380c46a735a319237.ts' for writing
[hls @ 0x56319530aec0] Opening '/config/data/transcodes/de486697d51368d8380c46a735a319238.ts' for writing
[hls @ 0x56319530aec0] Opening '/config/data/transcodes/de486697d51368d8380c46a735a319239.ts' for writing
[hls @ 0x56319530aec0] Opening '/config/data/transcodes/de486697d51368d8380c46a735a3192310.ts' for writing
[hls @ 0x56319530aec0] Opening '/config/data/transcodes/de486697d51368d8380c46a735a3192311.ts' for writing
[hls @ 0x56319530aec0] Opening '/config/data/transcodes/de486697d51368d8380c46a735a3192312.ts' for writing
[hls @ 0x56319530aec0] Opening '/config/data/transcodes/de486697d51368d8380c46a735a3192313.ts' for writing
[hls @ 0x56319530aec0] Opening '/config/data/transcodes/de486697d51368d8380c46a735a3192314.ts' for writing
frame= 5813 fps=1613 q=-1.0 size=N/A time=00:01:36.84 bitrate=N/A speed=26.9x    
[hls @ 0x56319530aec0] Opening '/config/data/transcodes/de486697d51368d8380c46a735a3192315.ts' for writing
[hls @ 0x56319530aec0] Opening '/config/data/transcodes/de486697d51368d8380c46a735a3192316.ts' for writing
[hls @ 0x56319530aec0] Opening '/config/data/transcodes/de486697d51368d8380c46a735a3192317.ts' for writing
[hls @ 0x56319530aec0] Opening '/config/data/transcodes/de486697d51368d8380c46a735a3192318.ts' for writing
[hls @ 0x56319530aec0] Opening '/config/data/transcodes/de486697d51368d8380c46a735a3192319.ts' for writing
[hls @ 0x56319530aec0] Opening '/config/data/transcodes/de486697d51368d8380c46a735a3192320.ts' for writing
[hls @ 0x56319530aec0] Opening '/config/data/transcodes/de486697d51368d8380c46a735a3192321.ts' for writing
[hls @ 0x56319530aec0] Opening '/config/data/transcodes/de486697d51368d8380c46a735a3192322.ts' for writing
[hls @ 0x56319530aec0] Opening '/config/data/transcodes/de486697d51368d8380c46a735a3192323.ts' for writing
[hls @ 0x56319530aec0] Opening '/config/data/transcodes/de486697d51368d8380c46a735a3192324.ts' for writing
[hls @ 0x56319530aec0] Opening '/config/data/transcodes/de486697d51368d8380c46a735a3192325.ts' for writing
[hls @ 0x56319530aec0] Opening '/config/data/transcodes/de486697d51368d8380c46a735a3192326.ts' for writing
[hls @ 0x56319530aec0] Opening '/config/data/transcodes/de486697d51368d8380c46a735a3192327.ts' for writing
[hls @ 0x56319530aec0] Opening '/config/data/transcodes/de486697d51368d8380c46a735a3192328.ts' for writing
frame=10631 fps=2590 q=-1.0 size=N/A time=00:02:57.14 bitrate=N/A speed=43.2x    
[hls @ 0x56319530aec0] Opening '/config/data/transcodes/de486697d51368d8380c46a735a3192329.ts' for writing
[hls @ 0x56319530aec0] Opening '/config/data/transcodes/de486697d51368d8380c46a735a3192330.ts' for writing
[hls @ 0x56319530aec0] Opening '/config/data/transcodes/de486697d51368d8380c46a735a3192331.ts' for writing
[hls @ 0x56319530aec0] Opening '/config/data/transcodes/de486697d51368d8380c46a735a3192332.ts' for writing
[hls @ 0x56319530aec0] Opening '/config/data/transcodes/de486697d51368d8380c46a735a3192333.ts' for writing
[hls @ 0x56319530aec0] Opening '/config/data/transcodes/de486697d51368d8380c46a735a3192334.ts' for writing
[hls @ 0x56319530aec0] Opening '/config/data/transcodes/de486697d51368d8380c46a735a3192335.ts' for writing
[hls @ 0x56319530aec0] Opening '/config/data/transcodes/de486697d51368d8380c46a735a3192336.ts' for writing
[hls @ 0x56319530aec0] Opening '/config/data/transcodes/de486697d51368d8380c46a735a3192337.ts' for writing
[hls @ 0x56319530aec0] Opening '/config/data/transcodes/de486697d51368d8380c46a735a3192338.ts' for writing
[hls @ 0x56319530aec0] Opening '/config/data/transcodes/de486697d51368d8380c46a735a3192339.ts' for writing
[hls @ 0x56319530aec0] Opening '/config/data/transcodes/de486697d51368d8380c46a735a3192340.ts' for writing
[hls @ 0x56319530aec0] Opening '/config/data/transcodes/de486697d51368d8380c46a735a3192341.ts' for writing
[hls @ 0x56319530aec0] Opening '/config/data/transcodes/de486697d51368d8380c46a735a3192342.ts' for writing
[hls @ 0x56319530aec0] Opening '/config/data/transcodes/de486697d51368d8380c46a735a3192343.ts' for writing
frame=15881 fps=3448 q=-1.0 size=N/A time=00:04:24.64 bitrate=N/A speed=57.5x    
[hls @ 0x56319530aec0] Opening '/config/data/transcodes/de486697d51368d8380c46a735a3192344.ts' for writing
[hls @ 0x56319530aec0] Opening '/config/data/transcodes/de486697d51368d8380c46a735a3192345.ts' for writing
[hls @ 0x56319530aec0] Opening '/config/data/transcodes/de486697d51368d8380c46a735a3192346.ts' for writing
[hls @ 0x56319530aec0] Opening '/config/data/transcodes/de486697d51368d8380c46a735a3192347.ts' for writing
[hls @ 0x56319530aec0] Opening '/config/data/transcodes/de486697d51368d8380c46a735a3192348.ts' for writing
[hls @ 0x56319530aec0] Opening '/config/data/transcodes/de486697d51368d8380c46a735a3192349.ts' for writing
[hls @ 0x56319530aec0] Opening '/config/data/transcodes/de486697d51368d8380c46a735a3192350.ts' for writing
[hls @ 0x56319530aec0] Opening '/config/data/transcodes/de486697d51368d8380c46a735a3192351.ts' for writing
[hls @ 0x56319530aec0] Opening '/config/data/transcodes/de486697d51368d8380c46a735a3192352.ts' for writing
[hls @ 0x56319530aec0] Opening '/config/data/transcodes/de486697d51368d8380c46a735a3192353.ts' for writing
[hls @ 0x56319530aec0] Opening '/config/data/transcodes/de486697d51368d8380c46a735a3192354.ts' for writing
[hls @ 0x56319530aec0] Opening '/config/data/transcodes/de486697d51368d8380c46a735a3192355.ts' for writing
[hls @ 0x56319530aec0] Opening '/config/data/transcodes/de486697d51368d8380c46a735a3192356.ts' for writing
frame=20900 fps=4094 q=-1.0 size=N/A time=00:05:48.29 bitrate=N/A speed=68.2x    
[hls @ 0x56319530aec0] Opening '/config/data/transcodes/de486697d51368d8380c46a735a3192357.ts' for writing
[hls @ 0x56319530aec0] Opening '/config/data/transcodes/de486697d51368d8380c46a735a3192358.ts' for writing
[hls @ 0x56319530aec0] Opening '/config/data/transcodes/de486697d51368d8380c46a735a3192359.ts' for writing
[hls @ 0x56319530aec0] Opening '/config/data/transcodes/de486697d51368d8380c46a735a3192360.ts' for writing
[hls @ 0x56319530aec0] Opening '/config/data/transcodes/de486697d51368d8380c46a735a3192361.ts' for writing
[hls @ 0x56319530aec0] Opening '/config/data/transcodes/de486697d51368d8380c46a735a3192362.ts' for writing
[hls @ 0x56319530aec0] Opening '/config/data/transcodes/de486697d51368d8380c46a735a3192363.ts' for writing
[hls @ 0x56319530aec0] Opening '/config/data/transcodes/de486697d51368d8380c46a735a3192364.ts' for writing
[hls @ 0x56319530aec0] Opening '/config/data/transcodes/de486697d51368d8380c46a735a3192365.ts' for writing
[hls @ 0x56319530aec0] Opening '/config/data/transcodes/de486697d51368d8380c46a735a3192366.ts' for writing
[hls @ 0x56319530aec0] Opening '/config/data/transcodes/de486697d51368d8380c46a735a3192367.ts' for writing
[hls @ 0x56319530aec0] Opening '/config/data/transcodes/de486697d51368d8380c46a735a3192368.ts' for writing
[hls @ 0x56319530aec0] Opening '/config/data/transcodes/de486697d51368d8380c46a735a3192369.ts' for writing
frame=25240 fps=4499 q=-1.0 size=N/A time=00:07:00.63 bitrate=N/A speed=  75x    
[hls @ 0x56319530aec0] Opening '/config/data/transcodes/de486697d51368d8380c46a735a3192370.ts' for writing
[hls @ 0x56319530aec0] Opening '/config/data/transcodes/de486697d51368d8380c46a735a3192371.ts' for writing
[hls @ 0x56319530aec0] Opening '/config/data/transcodes/de486697d51368d8380c46a735a3192372.ts' for writing
[hls @ 0x56319530aec0] Opening '/config/data/transcodes/de486697d51368d8380c46a735a3192373.ts' for writing
[hls @ 0x56319530aec0] Opening '/config/data/transcodes/de486697d51368d8380c46a735a3192374.ts' for writing
[hls @ 0x56319530aec0] Opening '/config/data/transcodes/de486697d51368d8380c46a735a3192375.ts' for writing
[hls @ 0x56319530aec0] Opening '/config/data/transcodes/de486697d51368d8380c46a735a3192376.ts' for writing
[hls @ 0x56319530aec0] Opening '/config/data/transcodes/de486697d51368d8380c46a735a3192377.ts' for writing
[hls @ 0x56319530aec0] Opening '/config/data/transcodes/de486697d51368d8380c46a735a3192378.ts' for writing
[hls @ 0x56319530aec0] Opening '/config/data/transcodes/de486697d51368d8380c46a735a3192379.ts' for writing
[hls @ 0x56319530aec0] Opening '/config/data/transcodes/de486697d51368d8380c46a735a3192380.ts' for writing
[hls @ 0x56319530aec0] Opening '/config/data/transcodes/de486697d51368d8380c46a735a3192381.ts' for writing
[hls @ 0x56319530aec0] Opening '/config/data/transcodes/de486697d51368d8380c46a735a3192382.ts' for writing
frame=29601 fps=4851 q=-1.0 Lsize=N/A time=00:08:13.36 bitrate=N/A speed=80.8x    
video:185760kB audio:11026kB subtitle:0kB other streams:0kB global headers:0kB muxing overhead: unknown