/videos/6099f08f-35c1-0bda-eef0-819be27d23ed/hls1/main/0.ts

{"Protocol":0,"Id":"6099f08f35c10bdaeef0819be27d23ed","Path":"/data/shuss/randos/Huge Dildo Fucks a Young Slut on Fucking Machine. with Insane Belly Bulge and Big Orgasm - Pornhub.com.ts","EncoderPath":null,"EncoderProtocol":null,"Type":0,"Container":"mpegts","Size":103566944,"Name":"Huge Dildo Fucks a Young Slut on Fucking Machine. with Insane Belly Bulge and Big Orgasm - Pornhub.com","IsRemote":false,"ETag":"67e72af8e1031ac2b2b1e4fa19b88723","RunTimeTicks":5282000000,"ReadAtNativeFramerate":false,"IgnoreDts":false,"IgnoreIndex":false,"GenPtsInput":false,"SupportsTranscoding":true,"SupportsDirectStream":true,"SupportsDirectPlay":true,"IsInfiniteStream":false,"RequiresOpening":false,"OpenToken":null,"RequiresClosing":false,"LiveStreamId":null,"BufferMs":null,"RequiresLooping":false,"SupportsProbing":true,"VideoType":0,"IsoType":null,"Video3DFormat":null,"MediaStreams":[{"Codec":"h264","CodecTag":null,"Language":null,"ColorRange":null,"ColorSpace":null,"ColorTransfer":null,"ColorPrimaries":null,"DvVersionMajor":null,"DvVersionMinor":null,"DvProfile":null,"DvLevel":null,"RpuPresentFlag":null,"ElPresentFlag":null,"BlPresentFlag":null,"DvBlSignalCompatibilityId":null,"Comment":null,"TimeBase":"1/90000","CodecTimeBase":null,"Title":null,"VideoRange":"SDR","VideoRangeType":"SDR","VideoDoViTitle":null,"LocalizedUndefined":null,"LocalizedDefault":null,"LocalizedForced":null,"LocalizedExternal":null,"DisplayTitle":"1080p H264 SDR","NalLengthSize":"0","IsInterlaced":false,"IsAVC":false,"ChannelLayout":null,"BitRate":1568601,"BitDepth":8,"RefFrames":1,"PacketLength":null,"Channels":null,"SampleRate":null,"IsDefault":false,"IsForced":false,"Height":1080,"Width":608,"AverageFrameRate":60,"RealFrameRate":60,"Profile":"High","Type":1,"AspectRatio":"9:16","Index":0,"Score":null,"IsExternal":false,"DeliveryMethod":null,"DeliveryUrl":null,"IsExternalUrl":null,"IsTextSubtitleStream":false,"SupportsExternalStream":false,"Path":null,"PixelFormat":"yuv420p","Level":32,"IsAnamorphic":null},{"Codec":"aac","CodecTag":null,"Language":null,"ColorRange":null,"ColorSpace":null,"ColorTransfer":null,"ColorPrimaries":null,"DvVersionMajor":null,"DvVersionMinor":null,"DvProfile":null,"DvLevel":null,"RpuPresentFlag":null,"ElPresentFlag":null,"BlPresentFlag":null,"DvBlSignalCompatibilityId":null,"Comment":null,"TimeBase":"1/90000","CodecTimeBase":null,"Title":null,"VideoRange":null,"VideoRangeType":null,"VideoDoViTitle":null,"LocalizedUndefined":null,"LocalizedDefault":null,"LocalizedForced":null,"LocalizedExternal":null,"DisplayTitle":"AAC - Stereo","NalLengthSize":null,"IsInterlaced":false,"IsAVC":null,"ChannelLayout":"stereo","BitRate":223415,"BitDepth":null,"RefFrames":null,"PacketLength":null,"Channels":2,"SampleRate":44100,"IsDefault":false,"IsForced":false,"Height":null,"Width":null,"AverageFrameRate":null,"RealFrameRate":null,"Profile":"LC","Type":0,"AspectRatio":null,"Index":1,"Score":null,"IsExternal":false,"DeliveryMethod":null,"DeliveryUrl":null,"IsExternalUrl":null,"IsTextSubtitleStream":false,"SupportsExternalStream":false,"Path":null,"PixelFormat":null,"Level":0,"IsAnamorphic":null},{"Codec":"timed_id3","CodecTag":"ID3 ","Language":null,"ColorRange":null,"ColorSpace":null,"ColorTransfer":null,"ColorPrimaries":null,"DvVersionMajor":null,"DvVersionMinor":null,"DvProfile":null,"DvLevel":null,"RpuPresentFlag":null,"ElPresentFlag":null,"BlPresentFlag":null,"DvBlSignalCompatibilityId":null,"Comment":null,"TimeBase":"1/90000","CodecTimeBase":null,"Title":null,"VideoRange":null,"VideoRangeType":null,"VideoDoViTitle":null,"LocalizedUndefined":null,"LocalizedDefault":null,"LocalizedForced":null,"LocalizedExternal":null,"DisplayTitle":null,"NalLengthSize":null,"IsInterlaced":false,"IsAVC":null,"ChannelLayout":null,"BitRate":null,"BitDepth":null,"RefFrames":null,"PacketLength":null,"Channels":null,"SampleRate":null,"IsDefault":false,"IsForced":false,"Height":null,"Width":null,"AverageFrameRate":null,"RealFrameRate":null,"Profile":null,"Type":4,"AspectRatio":null,"Index":2,"Score":null,"IsExternal":false,"DeliveryMethod":null,"DeliveryUrl":null,"IsExternalUrl":null,"IsTextSubtitleStream":false,"SupportsExternalStream":false,"Path":null,"PixelFormat":null,"Level":0,"IsAnamorphic":null}],"MediaAttachments":[],"Formats":[],"Bitrate":1792016,"Timestamp":null,"RequiredHttpHeaders":{},"TranscodingUrl":null,"TranscodingSubProtocol":null,"TranscodingContainer":null,"AnalyzeDurationMs":null,"DefaultAudioStreamIndex":null,"DefaultSubtitleStreamIndex":null}

/usr/lib/jellyfin-ffmpeg/ffmpeg -analyzeduration 200M -fflags +genpts -f mpegts  -i file:"/data/shuss/randos/Huge Dildo Fucks a Young Slut on Fucking Machine. with Insane Belly Bulge and Big Orgasm - Pornhub.com.ts" -map_metadata -1 -map_chapters -1 -threads 0 -map 0:0 -map 0:1 -map -0:s -codec:v:0 copy -start_at_zero -codec:a:0 copy -copyts -avoid_negative_ts disabled -max_muxing_queue_size 2048 -f hls -max_delay 5000000 -hls_time 6 -hls_segment_type mpegts -start_number 0 -hls_segment_filename "/config/data/transcodes/ca083a18dcfca264a7f601022f82599d%d.ts" -hls_playlist_type vod -hls_list_size 0 -y "/config/data/transcodes/ca083a18dcfca264a7f601022f82599d.m3u8"


ffmpeg version 5.1.3-Jellyfin Copyright (c) 2000-2022 the FFmpeg developers
  built with gcc 11 (Ubuntu 11.4.0-1ubuntu1~22.04)
  configuration: --prefix=/usr/lib/jellyfin-ffmpeg --target-os=linux --extra-libs=-lfftw3f --extra-version=Jellyfin --disable-doc --disable-ffplay --disable-ptx-compression --disable-static --disable-libxcb --disable-sdl2 --disable-xlib --enable-lto --enable-gpl --enable-version3 --enable-shared --enable-gmp --enable-gnutls --enable-chromaprint --enable-libdrm --enable-libass --enable-libfreetype --enable-libfribidi --enable-libfontconfig --enable-libbluray --enable-libmp3lame --enable-libopus --enable-libtheora --enable-libvorbis --enable-libopenmpt --enable-libdav1d --enable-libwebp --enable-libvpx --enable-libx264 --enable-libx265 --enable-libzvbi --enable-libzimg --enable-libfdk-aac --arch=amd64 --enable-libsvtav1 --enable-libshaderc --enable-libplacebo --enable-vulkan --enable-opencl --enable-vaapi --enable-amf --enable-libmfx --enable-ffnvcodec --enable-cuda --enable-cuda-llvm --enable-cuvid --enable-nvdec --enable-nvenc
  libavutil      57. 28.100 / 57. 28.100
  libavcodec     59. 37.100 / 59. 37.100
  libavformat    59. 27.100 / 59. 27.100
  libavdevice    59.  7.100 / 59.  7.100
  libavfilter     8. 44.100 /  8. 44.100
  libswscale      6.  7.100 /  6.  7.100
  libswresample   4.  7.100 /  4.  7.100
  libpostproc    56.  6.100 / 56.  6.100
[mpegts @ 0x55fa8b076580] start time for stream 2 is not set in estimate_timings_from_pts
Input #0, mpegts, from 'file:/data/shuss/randos/Huge Dildo Fucks a Young Slut on Fucking Machine. with Insane Belly Bulge and Big Orgasm - Pornhub.com.ts':
  Duration: 00:08:48.20, start: 0.101000, bitrate: 1568 kb/s
  Program 1 
  Stream #0:0[0x100]: Video: h264 (High) ([27][0][0][0] / 0x001B), yuv420p(progressive), 608x1080 [SAR 1215:1216 DAR 9:16], 60 fps, 60 tbr, 90k tbn
  Stream #0:1[0x101]: Audio: aac (LC) ([15][0][0][0] / 0x000F), 44100 Hz, stereo, fltp, 223 kb/s
  Stream #0:2[0x102]: Data: timed_id3 (ID3  / 0x20334449)
Output #0, hls, to '/config/data/transcodes/ca083a18dcfca264a7f601022f82599d.m3u8':
  Metadata:
    encoder         : Lavf59.27.100
  Stream #0:0: Video: h264 (High) ([27][0][0][0] / 0x001B), yuv420p(progressive), 608x1080 [SAR 1215:1216 DAR 9:16], q=2-31, 60 fps, 60 tbr, 90k tbn
  Stream #0:1: Audio: aac (LC) ([15][0][0][0] / 0x000F), 44100 Hz, stereo, fltp, 223 kb/s
Stream mapping:
  Stream #0:0 -> #0:0 (copy)
  Stream #0:1 -> #0:1 (copy)
Press [q] to stop, [?] for help
frame=    1 fps=0.0 q=-1.0 size=N/A time=-00:00:00.01 bitrate=N/A speed=N/A    
[hls @ 0x55fa8b7fccc0] Opening '/config/data/transcodes/ca083a18dcfca264a7f601022f82599d0.ts' for writing
[hls @ 0x55fa8b7fccc0] Opening '/config/data/transcodes/ca083a18dcfca264a7f601022f82599d1.ts' for writing
[hls @ 0x55fa8b7fccc0] Opening '/config/data/transcodes/ca083a18dcfca264a7f601022f82599d2.ts' for writing
[hls @ 0x55fa8b7fccc0] Opening '/config/data/transcodes/ca083a18dcfca264a7f601022f82599d3.ts' for writing
[hls @ 0x55fa8b7fccc0] Opening '/config/data/transcodes/ca083a18dcfca264a7f601022f82599d4.ts' for writing
[hls @ 0x55fa8b7fccc0] Opening '/config/data/transcodes/ca083a18dcfca264a7f601022f82599d5.ts' for writing
[hls @ 0x55fa8b7fccc0] Opening '/config/data/transcodes/ca083a18dcfca264a7f601022f82599d6.ts' for writing
[hls @ 0x55fa8b7fccc0] Opening '/config/data/transcodes/ca083a18dcfca264a7f601022f82599d7.ts' for writing
[hls @ 0x55fa8b7fccc0] Opening '/config/data/transcodes/ca083a18dcfca264a7f601022f82599d8.ts' for writing
[hls @ 0x55fa8b7fccc0] Opening '/config/data/transcodes/ca083a18dcfca264a7f601022f82599d9.ts' for writing
[hls @ 0x55fa8b7fccc0] Opening '/config/data/transcodes/ca083a18dcfca264a7f601022f82599d10.ts' for writing
[hls @ 0x55fa8b7fccc0] Opening '/config/data/transcodes/ca083a18dcfca264a7f601022f82599d11.ts' for writing
[hls @ 0x55fa8b7fccc0] Opening '/config/data/transcodes/ca083a18dcfca264a7f601022f82599d12.ts' for writing
[hls @ 0x55fa8b7fccc0] Opening '/config/data/transcodes/ca083a18dcfca264a7f601022f82599d13.ts' for writing
[hls @ 0x55fa8b7fccc0] Opening '/config/data/transcodes/ca083a18dcfca264a7f601022f82599d14.ts' for writing
[hls @ 0x55fa8b7fccc0] Opening '/config/data/transcodes/ca083a18dcfca264a7f601022f82599d15.ts' for writing
[hls @ 0x55fa8b7fccc0] Opening '/config/data/transcodes/ca083a18dcfca264a7f601022f82599d16.ts' for writing
frame= 6367 fps=0.0 q=-1.0 size=N/A time=00:01:46.08 bitrate=N/A speed= 212x    
[hls @ 0x55fa8b7fccc0] Opening '/config/data/transcodes/ca083a18dcfca264a7f601022f82599d17.ts' for writing
[hls @ 0x55fa8b7fccc0] Opening '/config/data/transcodes/ca083a18dcfca264a7f601022f82599d18.ts' for writing
[hls @ 0x55fa8b7fccc0] Opening '/config/data/transcodes/ca083a18dcfca264a7f601022f82599d19.ts' for writing
[hls @ 0x55fa8b7fccc0] Opening '/config/data/transcodes/ca083a18dcfca264a7f601022f82599d20.ts' for writing
[hls @ 0x55fa8b7fccc0] Opening '/config/data/transcodes/ca083a18dcfca264a7f601022f82599d21.ts' for writing
[hls @ 0x55fa8b7fccc0] Opening '/config/data/transcodes/ca083a18dcfca264a7f601022f82599d22.ts' for writing
[hls @ 0x55fa8b7fccc0] Opening '/config/data/transcodes/ca083a18dcfca264a7f601022f82599d23.ts' for writing
[hls @ 0x55fa8b7fccc0] Opening '/config/data/transcodes/ca083a18dcfca264a7f601022f82599d24.ts' for writing
[hls @ 0x55fa8b7fccc0] Opening '/config/data/transcodes/ca083a18dcfca264a7f601022f82599d25.ts' for writing
[hls @ 0x55fa8b7fccc0] Opening '/config/data/transcodes/ca083a18dcfca264a7f601022f82599d26.ts' for writing
[hls @ 0x55fa8b7fccc0] Opening '/config/data/transcodes/ca083a18dcfca264a7f601022f82599d27.ts' for writing
[hls @ 0x55fa8b7fccc0] Opening '/config/data/transcodes/ca083a18dcfca264a7f601022f82599d28.ts' for writing
[hls @ 0x55fa8b7fccc0] Opening '/config/data/transcodes/ca083a18dcfca264a7f601022f82599d29.ts' for writing
[hls @ 0x55fa8b7fccc0] Opening '/config/data/transcodes/ca083a18dcfca264a7f601022f82599d30.ts' for writing
[hls @ 0x55fa8b7fccc0] Opening '/config/data/transcodes/ca083a18dcfca264a7f601022f82599d31.ts' for writing
frame=11707 fps=11700 q=-1.0 size=N/A time=00:03:15.08 bitrate=N/A speed= 195x    
[hls @ 0x55fa8b7fccc0] Opening '/config/data/transcodes/ca083a18dcfca264a7f601022f82599d32.ts' for writing
[hls @ 0x55fa8b7fccc0] Opening '/config/data/transcodes/ca083a18dcfca264a7f601022f82599d33.ts' for writing
[hls @ 0x55fa8b7fccc0] Opening '/config/data/transcodes/ca083a18dcfca264a7f601022f82599d34.ts' for writing
[hls @ 0x55fa8b7fccc0] Opening '/config/data/transcodes/ca083a18dcfca264a7f601022f82599d35.ts' for writing
[hls @ 0x55fa8b7fccc0] Opening '/config/data/transcodes/ca083a18dcfca264a7f601022f82599d36.ts' for writing
[hls @ 0x55fa8b7fccc0] Opening '/config/data/transcodes/ca083a18dcfca264a7f601022f82599d37.ts' for writing
[hls @ 0x55fa8b7fccc0] Opening '/config/data/transcodes/ca083a18dcfca264a7f601022f82599d38.ts' for writing
[hls @ 0x55fa8b7fccc0] Opening '/config/data/transcodes/ca083a18dcfca264a7f601022f82599d39.ts' for writing
[hls @ 0x55fa8b7fccc0] Opening '/config/data/transcodes/ca083a18dcfca264a7f601022f82599d40.ts' for writing
[hls @ 0x55fa8b7fccc0] Opening '/config/data/transcodes/ca083a18dcfca264a7f601022f82599d41.ts' for writing
[hls @ 0x55fa8b7fccc0] Opening '/config/data/transcodes/ca083a18dcfca264a7f601022f82599d42.ts' for writing
[hls @ 0x55fa8b7fccc0] Opening '/config/data/transcodes/ca083a18dcfca264a7f601022f82599d43.ts' for writing
[hls @ 0x55fa8b7fccc0] Opening '/config/data/transcodes/ca083a18dcfca264a7f601022f82599d44.ts' for writing
[hls @ 0x55fa8b7fccc0] Opening '/config/data/transcodes/ca083a18dcfca264a7f601022f82599d45.ts' for writing
[hls @ 0x55fa8b7fccc0] Opening '/config/data/transcodes/ca083a18dcfca264a7f601022f82599d46.ts' for writing
[hls @ 0x55fa8b7fccc0] Opening '/config/data/transcodes/ca083a18dcfca264a7f601022f82599d47.ts' for writing
frame=17513 fps=11671 q=-1.0 size=N/A time=00:04:51.84 bitrate=N/A speed= 194x    
[hls @ 0x55fa8b7fccc0] Opening '/config/data/transcodes/ca083a18dcfca264a7f601022f82599d48.ts' for writing
[hls @ 0x55fa8b7fccc0] Opening '/config/data/transcodes/ca083a18dcfca264a7f601022f82599d49.ts' for writing
[hls @ 0x55fa8b7fccc0] Opening '/config/data/transcodes/ca083a18dcfca264a7f601022f82599d50.ts' for writing
[hls @ 0x55fa8b7fccc0] Opening '/config/data/transcodes/ca083a18dcfca264a7f601022f82599d51.ts' for writing
[hls @ 0x55fa8b7fccc0] Opening '/config/data/transcodes/ca083a18dcfca264a7f601022f82599d52.ts' for writing
[hls @ 0x55fa8b7fccc0] Opening '/config/data/transcodes/ca083a18dcfca264a7f601022f82599d53.ts' for writing
[hls @ 0x55fa8b7fccc0] Opening '/config/data/transcodes/ca083a18dcfca264a7f601022f82599d54.ts' for writing
[hls @ 0x55fa8b7fccc0] Opening '/config/data/transcodes/ca083a18dcfca264a7f601022f82599d55.ts' for writing
[hls @ 0x55fa8b7fccc0] Opening '/config/data/transcodes/ca083a18dcfca264a7f601022f82599d56.ts' for writing
[hls @ 0x55fa8b7fccc0] Opening '/config/data/transcodes/ca083a18dcfca264a7f601022f82599d57.ts' for writing
[hls @ 0x55fa8b7fccc0] Opening '/config/data/transcodes/ca083a18dcfca264a7f601022f82599d58.ts' for writing
[hls @ 0x55fa8b7fccc0] Opening '/config/data/transcodes/ca083a18dcfca264a7f601022f82599d59.ts' for writing
[hls @ 0x55fa8b7fccc0] Opening '/config/data/transcodes/ca083a18dcfca264a7f601022f82599d60.ts' for writing
[hls @ 0x55fa8b7fccc0] Opening '/config/data/transcodes/ca083a18dcfca264a7f601022f82599d61.ts' for writing
[hls @ 0x55fa8b7fccc0] Opening '/config/data/transcodes/ca083a18dcfca264a7f601022f82599d62.ts' for writing
frame=23055 fps=11523 q=-1.0 size=N/A time=00:06:24.21 bitrate=N/A speed= 192x    
[hls @ 0x55fa8b7fccc0] Opening '/config/data/transcodes/ca083a18dcfca264a7f601022f82599d63.ts' for writing
[hls @ 0x55fa8b7fccc0] Opening '/config/data/transcodes/ca083a18dcfca264a7f601022f82599d64.ts' for writing
[hls @ 0x55fa8b7fccc0] Opening '/config/data/transcodes/ca083a18dcfca264a7f601022f82599d65.ts' for writing
[hls @ 0x55fa8b7fccc0] Opening '/config/data/transcodes/ca083a18dcfca264a7f601022f82599d66.ts' for writing
[hls @ 0x55fa8b7fccc0] Opening '/config/data/transcodes/ca083a18dcfca264a7f601022f82599d67.ts' for writing
[hls @ 0x55fa8b7fccc0] Opening '/config/data/transcodes/ca083a18dcfca264a7f601022f82599d68.ts' for writing
[hls @ 0x55fa8b7fccc0] Opening '/config/data/transcodes/ca083a18dcfca264a7f601022f82599d69.ts' for writing
[hls @ 0x55fa8b7fccc0] Opening '/config/data/transcodes/ca083a18dcfca264a7f601022f82599d70.ts' for writing
[hls @ 0x55fa8b7fccc0] Opening '/config/data/transcodes/ca083a18dcfca264a7f601022f82599d71.ts' for writing
[hls @ 0x55fa8b7fccc0] Opening '/config/data/transcodes/ca083a18dcfca264a7f601022f82599d72.ts' for writing
[hls @ 0x55fa8b7fccc0] Opening '/config/data/transcodes/ca083a18dcfca264a7f601022f82599d73.ts' for writing
[hls @ 0x55fa8b7fccc0] Opening '/config/data/transcodes/ca083a18dcfca264a7f601022f82599d74.ts' for writing
[hls @ 0x55fa8b7fccc0] Opening '/config/data/transcodes/ca083a18dcfca264a7f601022f82599d75.ts' for writing
[hls @ 0x55fa8b7fccc0] Opening '/config/data/transcodes/ca083a18dcfca264a7f601022f82599d76.ts' for writing
[hls @ 0x55fa8b7fccc0] Opening '/config/data/transcodes/ca083a18dcfca264a7f601022f82599d77.ts' for writing
[hls @ 0x55fa8b7fccc0] Opening '/config/data/transcodes/ca083a18dcfca264a7f601022f82599d78.ts' for writing
frame=28808 fps=11519 q=-1.0 size=N/A time=00:08:00.09 bitrate=N/A speed= 192x    
[hls @ 0x55fa8b7fccc0] Opening '/config/data/transcodes/ca083a18dcfca264a7f601022f82599d79.ts' for writing
[hls @ 0x55fa8b7fccc0] Opening '/config/data/transcodes/ca083a18dcfca264a7f601022f82599d80.ts' for writing
[hls @ 0x55fa8b7fccc0] Opening '/config/data/transcodes/ca083a18dcfca264a7f601022f82599d81.ts' for writing
[hls @ 0x55fa8b7fccc0] Opening '/config/data/transcodes/ca083a18dcfca264a7f601022f82599d82.ts' for writing
[hls @ 0x55fa8b7fccc0] Opening '/config/data/transcodes/ca083a18dcfca264a7f601022f82599d83.ts' for writing
[hls @ 0x55fa8b7fccc0] Opening '/config/data/transcodes/ca083a18dcfca264a7f601022f82599d84.ts' for writing
[hls @ 0x55fa8b7fccc0] Opening '/config/data/transcodes/ca083a18dcfca264a7f601022f82599d85.ts' for writing
[hls @ 0x55fa8b7fccc0] Opening '/config/data/transcodes/ca083a18dcfca264a7f601022f82599d86.ts' for writing
[hls @ 0x55fa8b7fccc0] Opening '/config/data/transcodes/ca083a18dcfca264a7f601022f82599d87.ts' for writing
frame=31690 fps=11650 q=-1.0 Lsize=N/A time=00:08:48.16 bitrate=N/A speed= 194x    
video:80586kB audio:13794kB subtitle:0kB other streams:0kB global headers:0kB muxing overhead: unknown