2023-09-15T13:02:38.003Z [info]: Commit Tag: $GIT_SHA 
2023-09-15T13:02:38.707Z [info]: Starting Overseerr version 1.6.0 
2023-09-15T13:02:41.767Z [info][Notifications]: Registered notification agents 
2023-09-15T13:02:41.811Z [info][Jobs]: Scheduled jobs loaded 
2023-09-15T13:02:42.019Z [info][Server]: Server ready on port 5055 
2023-09-15T13:03:00.013Z [debug][Jobs]: Starting scheduled job: Download Sync 
2023-09-15T13:04:00.030Z [debug][Jobs]: Starting scheduled job: Download Sync 
2023-09-15T13:05:00.026Z [debug][Jobs]: Starting scheduled job: Download Sync 
2023-09-15T13:05:00.034Z [info][Jobs]: Starting scheduled job: Jellyfin Recently Added Sync 
2023-09-15T13:05:00.036Z [info][Jellyfin Sync]: Jellyfin Sync Starting {"sessionId":"29095fca-7936-4a50-b73f-1be0113953d9"}
2023-09-15T13:05:00.056Z [info][Jellyfin Sync]: Beginning to process recently added for library: Movies 
2023-09-15T13:05:00.406Z [debug][Jellyfin Sync]: Title already exists and no new media types found I Want to Eat Your Pancreas 
2023-09-15T13:05:00.413Z [debug][Jellyfin Sync]: Title already exists and no new media types found Saga of Tanya the Evil (2019) 
2023-09-15T13:05:00.443Z [debug][Jellyfin Sync]: Title already exists and no new media types found A Whisker Away 
2023-09-15T13:05:00.453Z [debug][Jellyfin Sync]: Title already exists and no new media types found The Tale of the Princess Kaguya 
2023-09-15T13:05:00.455Z [debug][Jellyfin Sync]: Title already exists and no new media types found The Lego Movie 2: The Second Part 
2023-09-15T13:05:00.458Z [debug][Jellyfin Sync]: Title already exists and no new media types found The Lego Movie 
2023-09-15T13:05:00.596Z [debug][Jellyfin Sync]: Title already exists and no new media types found Princess Mononoke 
2023-09-15T13:05:00.620Z [debug][Jellyfin Sync]: Title already exists and no new media types found The Lego Batman Movie 
2023-09-15T13:05:00.665Z [debug][Jellyfin Sync]: Title already exists and no new media types found My Neighbor Totoro 
2023-09-15T13:05:00.774Z [debug][Jellyfin Sync]: Title already exists and no new media types found Violet Evergarden: Eternity and the Auto Memory Doll 
2023-09-15T13:05:00.776Z [debug][Jellyfin Sync]: Title already exists and no new media types found Violet Evergarden the Movie 
2023-09-15T13:05:00.823Z [debug][Jellyfin Sync]: Title already exists and no new media types found Josee, the Tiger and the Fish. 
2023-09-15T13:05:04.827Z [info][Jellyfin Sync]: Beginning to process recently added for library: Shows 
2023-09-15T13:05:05.091Z [debug][Jellyfin Sync]: Updating existing title: Kaguya-sama: Love Is War 
2023-09-15T13:05:05.449Z [debug][Jellyfin Sync]: Updating existing title: The Duke of Death and His Maid 
2023-09-15T13:05:05.470Z [debug][Jellyfin Sync]: Updating existing title: Violet Evergarden 
2023-09-15T13:05:05.518Z [debug][Jellyfin Sync]: Updating existing title: Saga of Tanya the Evil 
2023-09-15T13:05:09.522Z [info][Jellyfin Sync]: Recently Added Scan Complete 
2023-09-15T13:06:00.027Z [debug][Jobs]: Starting scheduled job: Download Sync 
2023-09-15T13:07:00.025Z [debug][Jobs]: Starting scheduled job: Download Sync 
2023-09-15T13:08:00.026Z [debug][Jobs]: Starting scheduled job: Download Sync 
2023-09-15T13:09:00.025Z [debug][Jobs]: Starting scheduled job: Download Sync 
2023-09-15T13:10:00.026Z [debug][Jobs]: Starting scheduled job: Download Sync 
2023-09-15T13:10:00.032Z [info][Jobs]: Starting scheduled job: Jellyfin Recently Added Sync 
2023-09-15T13:10:00.033Z [info][Jellyfin Sync]: Jellyfin Sync Starting {"sessionId":"72fc5034-6a68-4d08-924c-152bb722b95d"}
2023-09-15T13:10:00.041Z [info][Jobs]: Starting scheduled job: Plex Watchlist Sync 
2023-09-15T13:10:00.051Z [info][Jellyfin Sync]: Beginning to process recently added for library: Movies 
2023-09-15T13:10:00.170Z [debug][Jellyfin Sync]: Title already exists and no new media types found I Want to Eat Your Pancreas 
2023-09-15T13:10:00.176Z [debug][Jellyfin Sync]: Title already exists and no new media types found Princess Mononoke 
2023-09-15T13:10:00.207Z [debug][Jellyfin Sync]: Title already exists and no new media types found Violet Evergarden: Eternity and the Auto Memory Doll 
2023-09-15T13:10:00.208Z [debug][Jellyfin Sync]: Title already exists and no new media types found Violet Evergarden the Movie 
2023-09-15T13:10:00.209Z [debug][Jellyfin Sync]: Title already exists and no new media types found Josee, the Tiger and the Fish. 
2023-09-15T13:10:00.210Z [debug][Jellyfin Sync]: Title already exists and no new media types found My Neighbor Totoro 
2023-09-15T13:10:00.223Z [debug][Jellyfin Sync]: Title already exists and no new media types found The Tale of the Princess Kaguya 
2023-09-15T13:10:00.225Z [debug][Jellyfin Sync]: Title already exists and no new media types found Saga of Tanya the Evil (2019) 
2023-09-15T13:10:00.226Z [debug][Jellyfin Sync]: Title already exists and no new media types found The Lego Movie 2: The Second Part 
2023-09-15T13:10:00.267Z [debug][Jellyfin Sync]: Title already exists and no new media types found The Lego Movie 
2023-09-15T13:10:00.268Z [debug][Jellyfin Sync]: Title already exists and no new media types found A Whisker Away 
2023-09-15T13:10:00.271Z [debug][Jellyfin Sync]: Title already exists and no new media types found The Lego Batman Movie 
2023-09-15T13:10:04.276Z [info][Jellyfin Sync]: Beginning to process recently added for library: Shows 
2023-09-15T13:10:04.356Z [debug][Jellyfin Sync]: Updating existing title: The Duke of Death and His Maid 
2023-09-15T13:10:04.385Z [debug][Jellyfin Sync]: Updating existing title: Violet Evergarden 
2023-09-15T13:10:04.390Z [debug][Jellyfin Sync]: Updating existing title: Saga of Tanya the Evil 
2023-09-15T13:10:04.400Z [debug][Jellyfin Sync]: Updating existing title: Kaguya-sama: Love Is War 
2023-09-15T13:10:08.404Z [info][Jellyfin Sync]: Recently Added Scan Complete 
2023-09-15T13:11:00.026Z [debug][Jobs]: Starting scheduled job: Download Sync 
2023-09-15T13:12:00.026Z [debug][Jobs]: Starting scheduled job: Download Sync 
2023-09-15T13:13:00.025Z [debug][Jobs]: Starting scheduled job: Download Sync 
2023-09-15T13:14:00.025Z [debug][Jobs]: Starting scheduled job: Download Sync 
2023-09-15T13:15:00.017Z [debug][Jobs]: Starting scheduled job: Download Sync 
2023-09-15T13:15:00.020Z [info][Jobs]: Starting scheduled job: Jellyfin Recently Added Sync 
2023-09-15T13:15:00.021Z [info][Jellyfin Sync]: Jellyfin Sync Starting {"sessionId":"0ffefdf5-eec8-4895-864a-120ba2126d83"}
2023-09-15T13:15:00.027Z [info][Jellyfin Sync]: Beginning to process recently added for library: Movies 
2023-09-15T13:15:00.265Z [debug][Jellyfin Sync]: Title already exists and no new media types found The Tale of the Princess Kaguya 
2023-09-15T13:15:00.295Z [debug][Jellyfin Sync]: Title already exists and no new media types found I Want to Eat Your Pancreas 
2023-09-15T13:15:00.296Z [debug][Jellyfin Sync]: Title already exists and no new media types found Princess Mononoke 
2023-09-15T13:15:00.300Z [debug][Jellyfin Sync]: Title already exists and no new media types found Josee, the Tiger and the Fish. 
2023-09-15T13:15:00.303Z [debug][Jellyfin Sync]: Title already exists and no new media types found Violet Evergarden the Movie 
2023-09-15T13:15:00.309Z [debug][Jellyfin Sync]: Title already exists and no new media types found My Neighbor Totoro 
2023-09-15T13:15:00.309Z [debug][Jellyfin Sync]: Title already exists and no new media types found Saga of Tanya the Evil (2019) 
2023-09-15T13:15:00.310Z [debug][Jellyfin Sync]: Title already exists and no new media types found Violet Evergarden: Eternity and the Auto Memory Doll 
2023-09-15T13:15:00.312Z [debug][Jellyfin Sync]: Title already exists and no new media types found The Lego Batman Movie 
2023-09-15T13:15:00.313Z [debug][Jellyfin Sync]: Title already exists and no new media types found The Lego Movie 
2023-09-15T13:15:00.315Z [debug][Jellyfin Sync]: Title already exists and no new media types found A Whisker Away 
2023-09-15T13:15:00.316Z [debug][Jellyfin Sync]: Title already exists and no new media types found The Lego Movie 2: The Second Part 
2023-09-15T13:15:04.319Z [info][Jellyfin Sync]: Beginning to process recently added for library: Shows 
2023-09-15T13:15:04.448Z [debug][Jellyfin Sync]: Updating existing title: The Duke of Death and His Maid 
2023-09-15T13:15:04.476Z [debug][Jellyfin Sync]: Updating existing title: Saga of Tanya the Evil 
2023-09-15T13:15:04.478Z [debug][Jellyfin Sync]: Updating existing title: Violet Evergarden 
2023-09-15T13:15:04.493Z [debug][Jellyfin Sync]: Updating existing title: Kaguya-sama: Love Is War 
2023-09-15T13:15:08.497Z [info][Jellyfin Sync]: Recently Added Scan Complete 
2023-09-15T13:16:00.027Z [debug][Jobs]: Starting scheduled job: Download Sync 
2023-09-15T13:17:00.026Z [debug][Jobs]: Starting scheduled job: Download Sync 
2023-09-15T13:18:00.022Z [debug][Jobs]: Starting scheduled job: Download Sync 
2023-09-15T13:19:00.024Z [debug][Jobs]: Starting scheduled job: Download Sync 
2023-09-15T13:20:00.016Z [debug][Jobs]: Starting scheduled job: Download Sync 
2023-09-15T13:20:00.020Z [info][Jobs]: Starting scheduled job: Jellyfin Recently Added Sync 
2023-09-15T13:20:00.022Z [info][Jellyfin Sync]: Jellyfin Sync Starting {"sessionId":"d74b0902-523a-469f-941c-5685710bf8e2"}
2023-09-15T13:20:00.026Z [info][Jobs]: Starting scheduled job: Plex Watchlist Sync 
2023-09-15T13:20:00.034Z [info][Jellyfin Sync]: Beginning to process recently added for library: Movies 
2023-09-15T13:20:00.144Z [debug][Jellyfin Sync]: Title already exists and no new media types found I Want to Eat Your Pancreas 
2023-09-15T13:20:00.149Z [debug][Jellyfin Sync]: Title already exists and no new media types found Saga of Tanya the Evil (2019) 
2023-09-15T13:20:00.173Z [debug][Jellyfin Sync]: Title already exists and no new media types found My Neighbor Totoro 
2023-09-15T13:20:00.183Z [debug][Jellyfin Sync]: Title already exists and no new media types found Josee, the Tiger and the Fish. 
2023-09-15T13:20:00.218Z [debug][Jellyfin Sync]: Title already exists and no new media types found Princess Mononoke 
2023-09-15T13:20:00.235Z [debug][Jellyfin Sync]: Title already exists and no new media types found The Tale of the Princess Kaguya 
2023-09-15T13:20:00.242Z [debug][Jellyfin Sync]: Title already exists and no new media types found A Whisker Away 
2023-09-15T13:20:00.244Z [debug][Jellyfin Sync]: Title already exists and no new media types found Violet Evergarden the Movie 
2023-09-15T13:20:00.245Z [debug][Jellyfin Sync]: Title already exists and no new media types found Violet Evergarden: Eternity and the Auto Memory Doll 
2023-09-15T13:20:00.253Z [debug][Jellyfin Sync]: Title already exists and no new media types found The Lego Movie 
2023-09-15T13:20:00.255Z [debug][Jellyfin Sync]: Title already exists and no new media types found The Lego Movie 2: The Second Part 
2023-09-15T13:20:00.256Z [debug][Jellyfin Sync]: Title already exists and no new media types found The Lego Batman Movie 
2023-09-15T13:20:04.262Z [info][Jellyfin Sync]: Beginning to process recently added for library: Shows 
2023-09-15T13:20:04.359Z [debug][Jellyfin Sync]: Updating existing title: The Duke of Death and His Maid 
2023-09-15T13:20:04.379Z [debug][Jellyfin Sync]: Updating existing title: Violet Evergarden 
2023-09-15T13:20:04.389Z [debug][Jellyfin Sync]: Updating existing title: Saga of Tanya the Evil 
2023-09-15T13:20:04.398Z [debug][Jellyfin Sync]: Updating existing title: Kaguya-sama: Love Is War 
2023-09-15T13:20:08.402Z [info][Jellyfin Sync]: Recently Added Scan Complete 
2023-09-15T13:21:00.029Z [debug][Jobs]: Starting scheduled job: Download Sync 
2023-09-15T13:22:00.017Z [debug][Jobs]: Starting scheduled job: Download Sync 
2023-09-15T13:23:00.024Z [debug][Jobs]: Starting scheduled job: Download Sync 
2023-09-15T13:24:00.025Z [debug][Jobs]: Starting scheduled job: Download Sync 
2023-09-15T13:25:00.016Z [debug][Jobs]: Starting scheduled job: Download Sync 
2023-09-15T13:25:00.023Z [info][Jobs]: Starting scheduled job: Jellyfin Recently Added Sync 
2023-09-15T13:25:00.023Z [info][Jellyfin Sync]: Jellyfin Sync Starting {"sessionId":"8e5efe29-cf67-472e-8672-a600ee51d418"}
2023-09-15T13:25:00.033Z [info][Jellyfin Sync]: Beginning to process recently added for library: Movies 
2023-09-15T13:25:00.274Z [debug][Jellyfin Sync]: Title already exists and no new media types found Violet Evergarden: Eternity and the Auto Memory Doll 
2023-09-15T13:25:00.282Z [debug][Jellyfin Sync]: Title already exists and no new media types found Josee, the Tiger and the Fish. 
2023-09-15T13:25:00.283Z [debug][Jellyfin Sync]: Title already exists and no new media types found I Want to Eat Your Pancreas 
2023-09-15T13:25:00.284Z [debug][Jellyfin Sync]: Title already exists and no new media types found The Tale of the Princess Kaguya 
2023-09-15T13:25:00.285Z [debug][Jellyfin Sync]: Title already exists and no new media types found Princess Mononoke 
2023-09-15T13:25:00.294Z [debug][Jellyfin Sync]: Title already exists and no new media types found Violet Evergarden the Movie 
2023-09-15T13:25:00.294Z [debug][Jellyfin Sync]: Title already exists and no new media types found My Neighbor Totoro 
2023-09-15T13:25:00.300Z [debug][Jellyfin Sync]: Title already exists and no new media types found Saga of Tanya the Evil (2019) 
2023-09-15T13:25:00.300Z [debug][Jellyfin Sync]: Title already exists and no new media types found A Whisker Away 
2023-09-15T13:25:00.307Z [debug][Jellyfin Sync]: Title already exists and no new media types found The Lego Movie 2: The Second Part 
2023-09-15T13:25:00.317Z [debug][Jellyfin Sync]: Title already exists and no new media types found The Lego Movie 
2023-09-15T13:25:00.319Z [debug][Jellyfin Sync]: Title already exists and no new media types found The Lego Batman Movie 
2023-09-15T13:25:04.323Z [info][Jellyfin Sync]: Beginning to process recently added for library: Shows 
2023-09-15T13:25:04.444Z [debug][Jellyfin Sync]: Updating existing title: The Duke of Death and His Maid 
2023-09-15T13:25:04.473Z [debug][Jellyfin Sync]: Updating existing title: Violet Evergarden 
2023-09-15T13:25:04.479Z [debug][Jellyfin Sync]: Updating existing title: Saga of Tanya the Evil 
2023-09-15T13:25:04.493Z [debug][Jellyfin Sync]: Updating existing title: Kaguya-sama: Love Is War 
2023-09-15T13:25:08.496Z [info][Jellyfin Sync]: Recently Added Scan Complete 
2023-09-15T13:26:00.024Z [debug][Jobs]: Starting scheduled job: Download Sync 
2023-09-15T13:27:00.025Z [debug][Jobs]: Starting scheduled job: Download Sync 
2023-09-15T13:28:00.002Z [debug][Jobs]: Starting scheduled job: Download Sync 
2023-09-15T13:29:00.025Z [debug][Jobs]: Starting scheduled job: Download Sync 
2023-09-15T13:30:00.024Z [debug][Jobs]: Starting scheduled job: Download Sync 
2023-09-15T13:30:00.032Z [info][Jobs]: Starting scheduled job: Jellyfin Recently Added Sync 
2023-09-15T13:30:00.033Z [info][Jellyfin Sync]: Jellyfin Sync Starting {"sessionId":"cabaf91c-9bcc-41e6-a061-92bb8513dbfd"}
2023-09-15T13:30:00.040Z [info][Jobs]: Starting scheduled job: Plex Watchlist Sync 
2023-09-15T13:30:00.050Z [info][Jellyfin Sync]: Beginning to process recently added for library: Movies 
2023-09-15T13:30:00.192Z [debug][Jellyfin Sync]: Title already exists and no new media types found My Neighbor Totoro 
2023-09-15T13:30:00.221Z [debug][Jellyfin Sync]: Title already exists and no new media types found Violet Evergarden the Movie 
2023-09-15T13:30:00.222Z [debug][Jellyfin Sync]: Title already exists and no new media types found I Want to Eat Your Pancreas 
2023-09-15T13:30:00.226Z [debug][Jellyfin Sync]: Title already exists and no new media types found The Tale of the Princess Kaguya 
2023-09-15T13:30:00.228Z [debug][Jellyfin Sync]: Title already exists and no new media types found Josee, the Tiger and the Fish. 
2023-09-15T13:30:00.330Z [debug][Jellyfin Sync]: Title already exists and no new media types found The Lego Batman Movie 
2023-09-15T13:30:00.402Z [debug][Jellyfin Sync]: Title already exists and no new media types found Princess Mononoke 
2023-09-15T13:30:00.404Z [debug][Jellyfin Sync]: Title already exists and no new media types found Violet Evergarden: Eternity and the Auto Memory Doll 
2023-09-15T13:30:00.409Z [debug][Jellyfin Sync]: Title already exists and no new media types found Saga of Tanya the Evil (2019) 
2023-09-15T13:30:00.411Z [debug][Jellyfin Sync]: Title already exists and no new media types found The Lego Movie 
2023-09-15T13:30:00.412Z [debug][Jellyfin Sync]: Title already exists and no new media types found The Lego Movie 2: The Second Part 
2023-09-15T13:30:00.415Z [debug][Jellyfin Sync]: Title already exists and no new media types found A Whisker Away 
2023-09-15T13:30:04.419Z [info][Jellyfin Sync]: Beginning to process recently added for library: Shows 
2023-09-15T13:30:04.541Z [debug][Jellyfin Sync]: Updating existing title: The Duke of Death and His Maid 
2023-09-15T13:30:04.569Z [debug][Jellyfin Sync]: Updating existing title: Violet Evergarden 
2023-09-15T13:30:04.573Z [debug][Jellyfin Sync]: Updating existing title: Saga of Tanya the Evil 
2023-09-15T13:30:04.588Z [debug][Jellyfin Sync]: Updating existing title: Kaguya-sama: Love Is War 
2023-09-15T13:30:08.591Z [info][Jellyfin Sync]: Recently Added Scan Complete 
2023-09-15T13:31:00.004Z [debug][Jobs]: Starting scheduled job: Download Sync 
2023-09-15T13:32:00.024Z [debug][Jobs]: Starting scheduled job: Download Sync 
2023-09-15T13:33:00.021Z [debug][Jobs]: Starting scheduled job: Download Sync 
2023-09-15T13:34:00.028Z [debug][Jobs]: Starting scheduled job: Download Sync 
2023-09-15T13:35:00.024Z [debug][Jobs]: Starting scheduled job: Download Sync 
2023-09-15T13:35:00.027Z [info][Jobs]: Starting scheduled job: Jellyfin Recently Added Sync 
2023-09-15T13:35:00.027Z [info][Jellyfin Sync]: Jellyfin Sync Starting {"sessionId":"be222578-b9a5-4fdc-ab27-ae0383118416"}
2023-09-15T13:35:00.037Z [info][Jellyfin Sync]: Beginning to process recently added for library: Movies 
2023-09-15T13:35:00.160Z [debug][Jellyfin Sync]: Title already exists and no new media types found Princess Mononoke 
2023-09-15T13:35:00.204Z [debug][Jellyfin Sync]: Title already exists and no new media types found Saga of Tanya the Evil (2019) 
2023-09-15T13:35:00.209Z [debug][Jellyfin Sync]: Title already exists and no new media types found Violet Evergarden: Eternity and the Auto Memory Doll 
2023-09-15T13:35:00.230Z [debug][Jellyfin Sync]: Title already exists and no new media types found A Whisker Away 
2023-09-15T13:35:00.248Z [debug][Jellyfin Sync]: Title already exists and no new media types found The Lego Movie 2: The Second Part 
2023-09-15T13:35:00.249Z [debug][Jellyfin Sync]: Title already exists and no new media types found My Neighbor Totoro 
2023-09-15T13:35:00.250Z [debug][Jellyfin Sync]: Title already exists and no new media types found Josee, the Tiger and the Fish. 
2023-09-15T13:35:00.251Z [debug][Jellyfin Sync]: Title already exists and no new media types found The Lego Movie 
2023-09-15T13:35:00.256Z [debug][Jellyfin Sync]: Title already exists and no new media types found Violet Evergarden the Movie 
2023-09-15T13:35:00.258Z [debug][Jellyfin Sync]: Title already exists and no new media types found I Want to Eat Your Pancreas 
2023-09-15T13:35:00.260Z [debug][Jellyfin Sync]: Title already exists and no new media types found The Tale of the Princess Kaguya 
2023-09-15T13:35:00.286Z [debug][Jellyfin Sync]: Title already exists and no new media types found The Lego Batman Movie 
2023-09-15T13:35:04.290Z [info][Jellyfin Sync]: Beginning to process recently added for library: Shows 
2023-09-15T13:35:04.395Z [debug][Jellyfin Sync]: Updating existing title: The Duke of Death and His Maid 
2023-09-15T13:35:04.411Z [debug][Jellyfin Sync]: Updating existing title: Violet Evergarden 
2023-09-15T13:35:04.416Z [debug][Jellyfin Sync]: Updating existing title: Saga of Tanya the Evil 
2023-09-15T13:35:04.430Z [debug][Jellyfin Sync]: Updating existing title: Kaguya-sama: Love Is War 
2023-09-15T13:35:08.434Z [info][Jellyfin Sync]: Recently Added Scan Complete 
2023-09-15T13:36:00.028Z [debug][Jobs]: Starting scheduled job: Download Sync 
2023-09-15T13:37:00.009Z [debug][Jobs]: Starting scheduled job: Download Sync 
2023-09-15T13:38:00.024Z [debug][Jobs]: Starting scheduled job: Download Sync 
2023-09-15T13:39:00.029Z [debug][Jobs]: Starting scheduled job: Download Sync 
2023-09-15T13:40:00.026Z [debug][Jobs]: Starting scheduled job: Download Sync 
2023-09-15T13:40:00.029Z [info][Jobs]: Starting scheduled job: Jellyfin Recently Added Sync 
2023-09-15T13:40:00.030Z [info][Jellyfin Sync]: Jellyfin Sync Starting {"sessionId":"cdb0ec2c-ea8b-4bde-8086-20fb73b1c796"}
2023-09-15T13:40:00.037Z [info][Jobs]: Starting scheduled job: Plex Watchlist Sync 
2023-09-15T13:40:00.049Z [info][Jellyfin Sync]: Beginning to process recently added for library: Movies 
2023-09-15T13:40:00.202Z [debug][Jellyfin Sync]: Title already exists and no new media types found I Want to Eat Your Pancreas 
2023-09-15T13:40:00.221Z [debug][Jellyfin Sync]: Title already exists and no new media types found My Neighbor Totoro 
2023-09-15T13:40:00.259Z [debug][Jellyfin Sync]: Title already exists and no new media types found The Tale of the Princess Kaguya 
2023-09-15T13:40:00.332Z [debug][Jellyfin Sync]: Title already exists and no new media types found Violet Evergarden: Eternity and the Auto Memory Doll 
2023-09-15T13:40:00.340Z [debug][Jellyfin Sync]: Title already exists and no new media types found Princess Mononoke 
2023-09-15T13:40:00.353Z [debug][Jellyfin Sync]: Title already exists and no new media types found Violet Evergarden the Movie 
2023-09-15T13:40:00.355Z [debug][Jellyfin Sync]: Title already exists and no new media types found Josee, the Tiger and the Fish. 
2023-09-15T13:40:00.376Z [debug][Jellyfin Sync]: Title already exists and no new media types found Saga of Tanya the Evil (2019) 
2023-09-15T13:40:00.380Z [debug][Jellyfin Sync]: Title already exists and no new media types found A Whisker Away 
2023-09-15T13:40:00.382Z [debug][Jellyfin Sync]: Title already exists and no new media types found The Lego Movie 
2023-09-15T13:40:00.383Z [debug][Jellyfin Sync]: Title already exists and no new media types found The Lego Movie 2: The Second Part 
2023-09-15T13:40:00.384Z [debug][Jellyfin Sync]: Title already exists and no new media types found The Lego Batman Movie 
2023-09-15T13:40:04.388Z [info][Jellyfin Sync]: Beginning to process recently added for library: Shows 
2023-09-15T13:40:04.556Z [debug][Jellyfin Sync]: Updating existing title: The Duke of Death and His Maid 
2023-09-15T13:40:04.575Z [debug][Jellyfin Sync]: Updating existing title: Violet Evergarden 
2023-09-15T13:40:04.587Z [debug][Jellyfin Sync]: Updating existing title: Saga of Tanya the Evil 
2023-09-15T13:40:04.599Z [debug][Jellyfin Sync]: Updating existing title: Kaguya-sama: Love Is War 
2023-09-15T13:40:08.604Z [info][Jellyfin Sync]: Recently Added Scan Complete 
2023-09-15T13:41:00.019Z [debug][Jobs]: Starting scheduled job: Download Sync 
2023-09-15T13:42:00.022Z [debug][Jobs]: Starting scheduled job: Download Sync 
2023-09-15T13:43:00.025Z [debug][Jobs]: Starting scheduled job: Download Sync 
2023-09-15T13:44:00.023Z [debug][Jobs]: Starting scheduled job: Download Sync 
2023-09-15T13:45:00.023Z [debug][Jobs]: Starting scheduled job: Download Sync 
2023-09-15T13:45:00.028Z [info][Jobs]: Starting scheduled job: Jellyfin Recently Added Sync 
2023-09-15T13:45:00.029Z [info][Jellyfin Sync]: Jellyfin Sync Starting {"sessionId":"d6fb0644-4e87-438d-9839-11882c1c7cbf"}
2023-09-15T13:45:00.038Z [info][Jellyfin Sync]: Beginning to process recently added for library: Movies 
2023-09-15T13:45:00.187Z [debug][Jellyfin Sync]: Title already exists and no new media types found Josee, the Tiger and the Fish. 
2023-09-15T13:45:00.212Z [debug][Jellyfin Sync]: Title already exists and no new media types found Violet Evergarden the Movie 
2023-09-15T13:45:00.257Z [debug][Jellyfin Sync]: Title already exists and no new media types found A Whisker Away 
2023-09-15T13:45:00.264Z [debug][Jellyfin Sync]: Title already exists and no new media types found Violet Evergarden: Eternity and the Auto Memory Doll 
2023-09-15T13:45:00.269Z [debug][Jellyfin Sync]: Title already exists and no new media types found Princess Mononoke 
2023-09-15T13:45:00.288Z [debug][Jellyfin Sync]: Title already exists and no new media types found Saga of Tanya the Evil (2019) 
2023-09-15T13:45:00.304Z [debug][Jellyfin Sync]: Title already exists and no new media types found I Want to Eat Your Pancreas 
2023-09-15T13:45:00.305Z [debug][Jellyfin Sync]: Title already exists and no new media types found The Lego Movie 2: The Second Part 
2023-09-15T13:45:00.307Z [debug][Jellyfin Sync]: Title already exists and no new media types found The Lego Movie 
2023-09-15T13:45:00.311Z [debug][Jellyfin Sync]: Title already exists and no new media types found The Lego Batman Movie 
2023-09-15T13:45:00.328Z [debug][Jellyfin Sync]: Title already exists and no new media types found My Neighbor Totoro 
2023-09-15T13:45:00.329Z [debug][Jellyfin Sync]: Title already exists and no new media types found The Tale of the Princess Kaguya 
2023-09-15T13:45:04.333Z [info][Jellyfin Sync]: Beginning to process recently added for library: Shows 
2023-09-15T13:45:04.428Z [debug][Jellyfin Sync]: Updating existing title: The Duke of Death and His Maid 
2023-09-15T13:45:04.460Z [debug][Jellyfin Sync]: Updating existing title: Violet Evergarden 
2023-09-15T13:45:04.462Z [debug][Jellyfin Sync]: Updating existing title: Saga of Tanya the Evil 
2023-09-15T13:45:04.474Z [debug][Jellyfin Sync]: Updating existing title: Kaguya-sama: Love Is War 
2023-09-15T13:45:08.477Z [info][Jellyfin Sync]: Recently Added Scan Complete 
2023-09-15T13:46:00.001Z [debug][Jobs]: Starting scheduled job: Download Sync 
2023-09-15T13:47:00.022Z [debug][Jobs]: Starting scheduled job: Download Sync 
2023-09-15T13:48:00.013Z [debug][Jobs]: Starting scheduled job: Download Sync 
2023-09-15T13:49:00.010Z [debug][Jobs]: Starting scheduled job: Download Sync 
2023-09-15T13:50:00.025Z [debug][Jobs]: Starting scheduled job: Download Sync 
2023-09-15T13:50:00.030Z [info][Jobs]: Starting scheduled job: Jellyfin Recently Added Sync 
2023-09-15T13:50:00.031Z [info][Jellyfin Sync]: Jellyfin Sync Starting {"sessionId":"afa366c3-54a9-4b8b-89a0-2f0ad1ba7f16"}
2023-09-15T13:50:00.034Z [info][Jobs]: Starting scheduled job: Plex Watchlist Sync 
2023-09-15T13:50:00.041Z [info][Jellyfin Sync]: Beginning to process recently added for library: Movies 
2023-09-15T13:50:00.130Z [debug][Jellyfin Sync]: Title already exists and no new media types found I Want to Eat Your Pancreas 
2023-09-15T13:50:00.181Z [debug][Jellyfin Sync]: Title already exists and no new media types found My Neighbor Totoro 
2023-09-15T13:50:00.213Z [debug][Jellyfin Sync]: Title already exists and no new media types found The Tale of the Princess Kaguya 
2023-09-15T13:50:00.326Z [debug][Jellyfin Sync]: Title already exists and no new media types found Violet Evergarden the Movie 
2023-09-15T13:50:00.343Z [debug][Jellyfin Sync]: Title already exists and no new media types found Josee, the Tiger and the Fish. 
2023-09-15T13:50:00.344Z [debug][Jellyfin Sync]: Title already exists and no new media types found Princess Mononoke 
2023-09-15T13:50:00.354Z [debug][Jellyfin Sync]: Title already exists and no new media types found Violet Evergarden: Eternity and the Auto Memory Doll 
2023-09-15T13:50:00.358Z [debug][Jellyfin Sync]: Title already exists and no new media types found The Lego Batman Movie 
2023-09-15T13:50:00.359Z [debug][Jellyfin Sync]: Title already exists and no new media types found The Lego Movie 2: The Second Part 
2023-09-15T13:50:00.359Z [debug][Jellyfin Sync]: Title already exists and no new media types found Saga of Tanya the Evil (2019) 
2023-09-15T13:50:00.363Z [debug][Jellyfin Sync]: Title already exists and no new media types found The Lego Movie 
2023-09-15T13:50:00.364Z [debug][Jellyfin Sync]: Title already exists and no new media types found A Whisker Away 
